#
# A fatal error has been detected by the Java Runtime Environment:
#
#  EXCEPTION_ACCESS_VIOLATION (0xc0000005) at pc=0x000000006aa5a4ed, pid=9868, tid=17048
#
# JRE version: Java(TM) SE Runtime Environment (10.0.2+13) (build 10.0.2+13)
# Java VM: Java HotSpot(TM) 64-Bit Server VM (10.0.2+13, mixed mode, tiered, compressed oops, g1 gc, windows-amd64)
# Problematic frame:
# C  [Controller.dll+0x1a4ed]
#
# No core dump will be written. Minidumps are not enabled by default on client versions of Windows
#
# If you would like to submit a bug report, please visit:
#   http://bugreport.java.com/bugreport/crash.jsp
# The crash happened outside the Java Virtual Machine in native code.
# See problematic frame for where to report the bug.
#

---------------  S U M M A R Y ------------

Command Line: -Djava.library.path=C:/Users/Utilisateur/AppData/Local/Programs/Webots/lib/controller/java EPuckAvoidCollision

Host: AMD A12-9720P RADEON R7, 12 COMPUTE CORES 4C+8G, 4 cores, 6G,  Windows 10 , 64 bit Build 19041 (10.0.19041.546)
Time: Wed Nov 04 18:23:29 2020 Paris, Madrid elapsed time: 0 seconds (0d 0h 0m 0s)

---------------  T H R E A D  ---------------

Current thread (0x000001689f5dd000):  JavaThread "main" [_thread_in_native, id=17048, stack(0x0000005452000000,0x0000005452100000)]

Stack: [0x0000005452000000,0x0000005452100000],  sp=0x00000054520fefb0,  free space=1019k
Native frames: (J=compiled Java code, j=interpreted, Vv=VM code, C=native code)
C  [Controller.dll+0x1a4ed]

Java frames: (J=compiled Java code, j=interpreted, Vv=VM code)
j  com.cyberbotics.webots.controller.wrapperJNI.new_Robot()J+0
j  com.cyberbotics.webots.controller.Robot.<init>()V+1
j  EPuckAvoidCollision.main([Ljava/lang/String;)V+4
v  ~StubRoutines::call_stub

siginfo: EXCEPTION_ACCESS_VIOLATION (0xc0000005), reading address 0x0000000000000000


Register to memory mapping:

RIP=0x000000006aa5a4ed Controller.dll
RAX=0x0000000000000000 is an unknown value
RBX=0x00000168bda32c70 is an unknown value
RCX=0x0000000000000000 is an unknown value
RDX=0x0000000000000000 is an unknown value
RSP=0x00000054520fefb0 is pointing into the stack for thread: 0x000001689f5dd000
RBP=0x00000054520ff4e0 is pointing into the stack for thread: 0x000001689f5dd000
RSI=0x00000168a6db0cd7 is at begin+0 in a stub
StubRoutines::call_stub [0x00000168a6db0cd7, 0x00000168a6db0e44[ (365 bytes)
RDI=0x000000006aa58a20 Controller.dll
R8 =0x00000054520fef18 is pointing into the stack for thread: 0x000001689f5dd000
R9 =0x00000054520ff4e0 is pointing into the stack for thread: 0x000001689f5dd000
R10=0x0000000000000000 is an unknown value
R11=0x0000000000000246 is an unknown value
R12=0x00000168bda32c70 is an unknown value
R13={method} {0x00000168bd0fcf90} 'new_Robot' '()J' in 'com/cyberbotics/webots/controller/wrapperJNI'
R14=0x00000054520ff568 is pointing into the stack for thread: 0x000001689f5dd000
R15=0x000001689f5dd000 is a thread


Registers:
RAX=0x0000000000000000, RBX=0x00000168bda32c70, RCX=0x0000000000000000, RDX=0x0000000000000000
RSP=0x00000054520fefb0, RBP=0x00000054520ff4e0, RSI=0x00000168a6db0cd7, RDI=0x000000006aa58a20
R8 =0x00000054520fef18, R9 =0x00000054520ff4e0, R10=0x0000000000000000, R11=0x0000000000000246
R12=0x00000168bda32c70, R13=0x00000168bd0fcf88, R14=0x00000054520ff568, R15=0x000001689f5dd000
RIP=0x000000006aa5a4ed, EFLAGS=0x0000000000010246

Top of Stack: (sp=0x00000054520fefb0)
0x00000054520fefb0:   00000168bda32c70 00000054520ff4e0
0x00000054520fefc0:   00000168a6db0cd7 00000168bd0e06b8
0x00000054520fefd0:   0000016800000002 000001689f5dd000
0x00000054520fefe0:   0000000000000000 000000006bbaca3a
0x00000054520feff0:   000001689f5dd000 00000168bcaed520
0x00000054520ff000:   00000168bccf9d70 0000000000000000
0x00000054520ff010:   00000054520ff4e0 0000000000000000
0x00000054520ff020:   00000054520ff550 00000054520ff2d0
0x00000054520ff030:   00000168bccf9db8 000001689f5dd000
0x00000054520ff040:   000001689dc79c90 000001689f5ddff0
0x00000054520ff050:   000001689f5de010 000001689f5de0d8
0x00000054520ff060:   00000000000000d8 00000054520ff938
0x00000054520ff070:   0000000000000002 000001689f5ddc10
0x00000054520ff080:   00000054520ff490 000001689f5ddfe8
0x00000054520ff090:   00000054520ff2d0 000001689f5dde50
0x00000054520ff0a0:   000001689f5dd000 000000006bf500d2 

Instructions: (pc=0x000000006aa5a4ed)
0x000000006aa5a4cd:   ff ff e8 7c fa ff ff 83 f8 ff 0f 84 d3 00 00 00
0x000000006aa5a4dd:   e8 7e da ff ff 84 c0 75 10 48 8b 0d bb 0e 06 00
0x000000006aa5a4ed:   80 39 00 0f 85 ca 00 00 00 80 3d e8 0e 06 00 00
0x000000006aa5a4fd:   74 0d 80 3d e0 0e 06 00 00 0f 84 f4 00 00 00 48 



---------------  P R O C E S S  ---------------

Threads class SMR info:
_java_thread_list=0x00000168bd76bfd0, length=11, elements={
0x000001689f5dd000, 0x00000168bcc58800, 0x00000168bcc65000, 0x00000168bcc77800,
0x00000168bcc79000, 0x00000168bcc7c000, 0x00000168bccd1000, 0x00000168bccdd800,
0x00000168bccde800, 0x00000168bd76b800, 0x00000168bd775000
}

Java Threads: ( => current thread )
=>0x000001689f5dd000 JavaThread "main" [_thread_in_native, id=17048, stack(0x0000005452000000,0x0000005452100000)]
  0x00000168bcc58800 JavaThread "Reference Handler" daemon [_thread_blocked, id=2856, stack(0x0000005452d00000,0x0000005452e00000)]
  0x00000168bcc65000 JavaThread "Finalizer" daemon [_thread_blocked, id=6516, stack(0x0000005452e00000,0x0000005452f00000)]
  0x00000168bcc77800 JavaThread "Signal Dispatcher" daemon [_thread_blocked, id=4060, stack(0x0000005452f00000,0x0000005453000000)]
  0x00000168bcc79000 JavaThread "Attach Listener" daemon [_thread_blocked, id=14848, stack(0x0000005453000000,0x0000005453100000)]
  0x00000168bcc7c000 JavaThread "C2 CompilerThread0" daemon [_thread_blocked, id=12388, stack(0x0000005453100000,0x0000005453200000)]
  0x00000168bccd1000 JavaThread "C2 CompilerThread1" daemon [_thread_blocked, id=12972, stack(0x0000005453200000,0x0000005453300000)]
  0x00000168bccdd800 JavaThread "C1 CompilerThread2" daemon [_thread_blocked, id=14540, stack(0x0000005453300000,0x0000005453400000)]
  0x00000168bccde800 JavaThread "Sweeper thread" daemon [_thread_blocked, id=5256, stack(0x0000005453400000,0x0000005453500000)]
  0x00000168bd76b800 JavaThread "Service Thread" daemon [_thread_blocked, id=7252, stack(0x0000005453500000,0x0000005453600000)]
  0x00000168bd775000 JavaThread "Common-Cleaner" daemon [_thread_blocked, id=11108, stack(0x0000005453600000,0x0000005453700000)]

Other Threads:
  0x00000168bcc53800 VMThread "VM Thread" [stack: 0x0000005452c00000,0x0000005452d00000] [id=16616]
  0x00000168bd775800 WatcherThread [stack: 0x0000005453700000,0x0000005453800000] [id=6760]
  0x000001689f5f5800 GCTaskThread "GC Thread#0" [stack: 0x0000005452100000,0x0000005452200000] [id=2028]
  0x000001689f5f6800 GCTaskThread "GC Thread#1" [stack: 0x0000005452200000,0x0000005452300000] [id=12520]
  0x000001689f5fb000 GCTaskThread "GC Thread#2" [stack: 0x0000005452300000,0x0000005452400000] [id=11048]
  0x000001689f5fd000 GCTaskThread "GC Thread#3" [stack: 0x0000005452400000,0x0000005452500000] [id=13536]
  0x000001689f65b800 ConcurrentGCThread "G1 Main Marker" [stack: 0x0000005452500000,0x0000005452600000] [id=12508]
  0x000001689f660000 ConcurrentGCThread "G1 Conc#0" [stack: 0x0000005452600000,0x0000005452700000] [id=14608]
  0x000001689f6ca000 ConcurrentGCThread "G1 Refine#0" [stack: 0x0000005452700000,0x0000005452800000] [id=8088]
  0x000001689f6cc000 ConcurrentGCThread "G1 Refine#1" [stack: 0x0000005452800000,0x0000005452900000] [id=14108]
  0x00000168bcae5000 ConcurrentGCThread "G1 Refine#2" [stack: 0x0000005452900000,0x0000005452a00000] [id=14920]
  0x000001689f6cd000 ConcurrentGCThread "G1 Refine#3" [stack: 0x0000005452a00000,0x0000005452b00000] [id=15228]
  0x00000168bcaec000 ConcurrentGCThread "G1 Young RemSet Sampling" [stack: 0x0000005452b00000,0x0000005452c00000] [id=136]

Threads with active compile tasks:

VM state:not at safepoint (normal execution)

VM Mutex/Monitor currently owned by a thread: None

Heap address: 0x0000000090800000, size: 1784 MB, Compressed Oops mode: 32-bit
Narrow klass base: 0x0000000000000000, Narrow klass shift: 3
Compressed class space size: 1073741824 Address: 0x0000000100000000

Heap:
 garbage-first heap   total 114688K, used 1024K [0x0000000090800000, 0x0000000100000000)
  region size 1024K, 2 young (2048K), 0 survivors (0K)
 Metaspace       used 4357K, capacity 4668K, committed 4864K, reserved 1056768K
  class space    used 404K, capacity 428K, committed 512K, reserved 1048576K
Heap Regions: E=young(eden), S=young(survivor), O=old, HS=humongous(starts), HC=humongous(continues), CS=collection set, F=free, A=archive, TS=gc time stamp, AC=allocation context, TAMS=top-at-mark-start (previous, next)
|   0|0x0000000090800000, 0x0000000090800000, 0x0000000090900000|  0%| F|  |TS  0|AC  0|TAMS 0x0000000090800000, 0x0000000090800000|
|   1|0x0000000090900000, 0x0000000090900000, 0x0000000090a00000|  0%| F|  |TS  0|AC  0|TAMS 0x0000000090900000, 0x0000000090900000|
|   2|0x0000000090a00000, 0x0000000090a00000, 0x0000000090b00000|  0%| F|  |TS  0|AC  0|TAMS 0x0000000090a00000, 0x0000000090a00000|
|   3|0x0000000090b00000, 0x0000000090b00000, 0x0000000090c00000|  0%| F|  |TS  0|AC  0|TAMS 0x0000000090b00000, 0x0000000090b00000|
|   4|0x0000000090c00000, 0x0000000090c00000, 0x0000000090d00000|  0%| F|  |TS  0|AC  0|TAMS 0x0000000090c00000, 0x0000000090c00000|
|   5|0x0000000090d00000, 0x0000000090d00000, 0x0000000090e00000|  0%| F|  |TS  0|AC  0|TAMS 0x0000000090d00000, 0x0000000090d00000|
|   6|0x0000000090e00000, 0x0000000090e00000, 0x0000000090f00000|  0%| F|  |TS  0|AC  0|TAMS 0x0000000090e00000, 0x0000000090e00000|
|   7|0x0000000090f00000, 0x0000000090f00000, 0x0000000091000000|  0%| F|  |TS  0|AC  0|TAMS 0x0000000090f00000, 0x0000000090f00000|
|   8|0x0000000091000000, 0x0000000091000000, 0x0000000091100000|  0%| F|  |TS  0|AC  0|TAMS 0x0000000091000000, 0x0000000091000000|
|   9|0x0000000091100000, 0x0000000091100000, 0x0000000091200000|  0%| F|  |TS  0|AC  0|TAMS 0x0000000091100000, 0x0000000091100000|
|  10|0x0000000091200000, 0x0000000091200000, 0x0000000091300000|  0%| F|  |TS  0|AC  0|TAMS 0x0000000091200000, 0x0000000091200000|
|  11|0x0000000091300000, 0x0000000091300000, 0x0000000091400000|  0%| F|  |TS  0|AC  0|TAMS 0x0000000091300000, 0x0000000091300000|
|  12|0x0000000091400000, 0x0000000091400000, 0x0000000091500000|  0%| F|  |TS  0|AC  0|TAMS 0x0000000091400000, 0x0000000091400000|
|  13|0x0000000091500000, 0x0000000091500000, 0x0000000091600000|  0%| F|  |TS  0|AC  0|TAMS 0x0000000091500000, 0x0000000091500000|
|  14|0x0000000091600000, 0x0000000091600000, 0x0000000091700000|  0%| F|  |TS  0|AC  0|TAMS 0x0000000091600000, 0x0000000091600000|
|  15|0x0000000091700000, 0x0000000091700000, 0x0000000091800000|  0%| F|  |TS  0|AC  0|TAMS 0x0000000091700000, 0x0000000091700000|
|  16|0x0000000091800000, 0x0000000091800000, 0x0000000091900000|  0%| F|  |TS  0|AC  0|TAMS 0x0000000091800000, 0x0000000091800000|
|  17|0x0000000091900000, 0x0000000091900000, 0x0000000091a00000|  0%| F|  |TS  0|AC  0|TAMS 0x0000000091900000, 0x0000000091900000|
|  18|0x0000000091a00000, 0x0000000091a00000, 0x0000000091b00000|  0%| F|  |TS  0|AC  0|TAMS 0x0000000091a00000, 0x0000000091a00000|
|  19|0x0000000091b00000, 0x0000000091b00000, 0x0000000091c00000|  0%| F|  |TS  0|AC  0|TAMS 0x0000000091b00000, 0x0000000091b00000|
|  20|0x0000000091c00000, 0x0000000091c00000, 0x0000000091d00000|  0%| F|  |TS  0|AC  0|TAMS 0x0000000091c00000, 0x0000000091c00000|
|  21|0x0000000091d00000, 0x0000000091d00000, 0x0000000091e00000|  0%| F|  |TS  0|AC  0|TAMS 0x0000000091d00000, 0x0000000091d00000|
|  22|0x0000000091e00000, 0x0000000091e00000, 0x0000000091f00000|  0%| F|  |TS  0|AC  0|TAMS 0x0000000091e00000, 0x0000000091e00000|
|  23|0x0000000091f00000, 0x0000000091f00000, 0x0000000092000000|  0%| F|  |TS  0|AC  0|TAMS 0x0000000091f00000, 0x0000000091f00000|
|  24|0x0000000092000000, 0x0000000092000000, 0x0000000092100000|  0%| F|  |TS  0|AC  0|TAMS 0x0000000092000000, 0x0000000092000000|
|  25|0x0000000092100000, 0x0000000092100000, 0x0000000092200000|  0%| F|  |TS  0|AC  0|TAMS 0x0000000092100000, 0x0000000092100000|
|  26|0x0000000092200000, 0x0000000092200000, 0x0000000092300000|  0%| F|  |TS  0|AC  0|TAMS 0x0000000092200000, 0x0000000092200000|
|  27|0x0000000092300000, 0x0000000092300000, 0x0000000092400000|  0%| F|  |TS  0|AC  0|TAMS 0x0000000092300000, 0x0000000092300000|
|  28|0x0000000092400000, 0x0000000092400000, 0x0000000092500000|  0%| F|  |TS  0|AC  0|TAMS 0x0000000092400000, 0x0000000092400000|
|  29|0x0000000092500000, 0x0000000092500000, 0x0000000092600000|  0%| F|  |TS  0|AC  0|TAMS 0x0000000092500000, 0x0000000092500000|
|  30|0x0000000092600000, 0x0000000092600000, 0x0000000092700000|  0%| F|  |TS  0|AC  0|TAMS 0x0000000092600000, 0x0000000092600000|
|  31|0x0000000092700000, 0x0000000092700000, 0x0000000092800000|  0%| F|  |TS  0|AC  0|TAMS 0x0000000092700000, 0x0000000092700000|
|  32|0x0000000092800000, 0x0000000092800000, 0x0000000092900000|  0%| F|  |TS  0|AC  0|TAMS 0x0000000092800000, 0x0000000092800000|
|  33|0x0000000092900000, 0x0000000092900000, 0x0000000092a00000|  0%| F|  |TS  0|AC  0|TAMS 0x0000000092900000, 0x0000000092900000|
|  34|0x0000000092a00000, 0x0000000092a00000, 0x0000000092b00000|  0%| F|  |TS  0|AC  0|TAMS 0x0000000092a00000, 0x0000000092a00000|
|  35|0x0000000092b00000, 0x0000000092b00000, 0x0000000092c00000|  0%| F|  |TS  0|AC  0|TAMS 0x0000000092b00000, 0x0000000092b00000|
|  36|0x0000000092c00000, 0x0000000092c00000, 0x0000000092d00000|  0%| F|  |TS  0|AC  0|TAMS 0x0000000092c00000, 0x0000000092c00000|
|  37|0x0000000092d00000, 0x0000000092d00000, 0x0000000092e00000|  0%| F|  |TS  0|AC  0|TAMS 0x0000000092d00000, 0x0000000092d00000|
|  38|0x0000000092e00000, 0x0000000092e00000, 0x0000000092f00000|  0%| F|  |TS  0|AC  0|TAMS 0x0000000092e00000, 0x0000000092e00000|
|  39|0x0000000092f00000, 0x0000000092f00000, 0x0000000093000000|  0%| F|  |TS  0|AC  0|TAMS 0x0000000092f00000, 0x0000000092f00000|
|  40|0x0000000093000000, 0x0000000093000000, 0x0000000093100000|  0%| F|  |TS  0|AC  0|TAMS 0x0000000093000000, 0x0000000093000000|
|  41|0x0000000093100000, 0x0000000093100000, 0x0000000093200000|  0%| F|  |TS  0|AC  0|TAMS 0x0000000093100000, 0x0000000093100000|
|  42|0x0000000093200000, 0x0000000093200000, 0x0000000093300000|  0%| F|  |TS  0|AC  0|TAMS 0x0000000093200000, 0x0000000093200000|
|  43|0x0000000093300000, 0x0000000093300000, 0x0000000093400000|  0%| F|  |TS  0|AC  0|TAMS 0x0000000093300000, 0x0000000093300000|
|  44|0x0000000093400000, 0x0000000093400000, 0x0000000093500000|  0%| F|  |TS  0|AC  0|TAMS 0x0000000093400000, 0x0000000093400000|
|  45|0x0000000093500000, 0x0000000093500000, 0x0000000093600000|  0%| F|  |TS  0|AC  0|TAMS 0x0000000093500000, 0x0000000093500000|
|  46|0x0000000093600000, 0x0000000093600000, 0x0000000093700000|  0%| F|  |TS  0|AC  0|TAMS 0x0000000093600000, 0x0000000093600000|
|  47|0x0000000093700000, 0x0000000093700000, 0x0000000093800000|  0%| F|  |TS  0|AC  0|TAMS 0x0000000093700000, 0x0000000093700000|
|  48|0x0000000093800000, 0x0000000093800000, 0x0000000093900000|  0%| F|  |TS  0|AC  0|TAMS 0x0000000093800000, 0x0000000093800000|
|  49|0x0000000093900000, 0x0000000093900000, 0x0000000093a00000|  0%| F|  |TS  0|AC  0|TAMS 0x0000000093900000, 0x0000000093900000|
|  50|0x0000000093a00000, 0x0000000093a00000, 0x0000000093b00000|  0%| F|  |TS  0|AC  0|TAMS 0x0000000093a00000, 0x0000000093a00000|
|  51|0x0000000093b00000, 0x0000000093b00000, 0x0000000093c00000|  0%| F|  |TS  0|AC  0|TAMS 0x0000000093b00000, 0x0000000093b00000|
|  52|0x0000000093c00000, 0x0000000093c00000, 0x0000000093d00000|  0%| F|  |TS  0|AC  0|TAMS 0x0000000093c00000, 0x0000000093c00000|
|  53|0x0000000093d00000, 0x0000000093d00000, 0x0000000093e00000|  0%| F|  |TS  0|AC  0|TAMS 0x0000000093d00000, 0x0000000093d00000|
|  54|0x0000000093e00000, 0x0000000093e00000, 0x0000000093f00000|  0%| F|  |TS  0|AC  0|TAMS 0x0000000093e00000, 0x0000000093e00000|
|  55|0x0000000093f00000, 0x0000000093f00000, 0x0000000094000000|  0%| F|  |TS  0|AC  0|TAMS 0x0000000093f00000, 0x0000000093f00000|
|  56|0x0000000094000000, 0x0000000094000000, 0x0000000094100000|  0%| F|  |TS  0|AC  0|TAMS 0x0000000094000000, 0x0000000094000000|
|  57|0x0000000094100000, 0x0000000094100000, 0x0000000094200000|  0%| F|  |TS  0|AC  0|TAMS 0x0000000094100000, 0x0000000094100000|
|  58|0x0000000094200000, 0x0000000094200000, 0x0000000094300000|  0%| F|  |TS  0|AC  0|TAMS 0x0000000094200000, 0x0000000094200000|
|  59|0x0000000094300000, 0x0000000094300000, 0x0000000094400000|  0%| F|  |TS  0|AC  0|TAMS 0x0000000094300000, 0x0000000094300000|
|  60|0x0000000094400000, 0x0000000094400000, 0x0000000094500000|  0%| F|  |TS  0|AC  0|TAMS 0x0000000094400000, 0x0000000094400000|
|  61|0x0000000094500000, 0x0000000094500000, 0x0000000094600000|  0%| F|  |TS  0|AC  0|TAMS 0x0000000094500000, 0x0000000094500000|
|  62|0x0000000094600000, 0x0000000094600000, 0x0000000094700000|  0%| F|  |TS  0|AC  0|TAMS 0x0000000094600000, 0x0000000094600000|
|  63|0x0000000094700000, 0x0000000094700000, 0x0000000094800000|  0%| F|  |TS  0|AC  0|TAMS 0x0000000094700000, 0x0000000094700000|
|  64|0x0000000094800000, 0x0000000094800000, 0x0000000094900000|  0%| F|  |TS  0|AC  0|TAMS 0x0000000094800000, 0x0000000094800000|
|  65|0x0000000094900000, 0x0000000094900000, 0x0000000094a00000|  0%| F|  |TS  0|AC  0|TAMS 0x0000000094900000, 0x0000000094900000|
|  66|0x0000000094a00000, 0x0000000094a00000, 0x0000000094b00000|  0%| F|  |TS  0|AC  0|TAMS 0x0000000094a00000, 0x0000000094a00000|
|  67|0x0000000094b00000, 0x0000000094b00000, 0x0000000094c00000|  0%| F|  |TS  0|AC  0|TAMS 0x0000000094b00000, 0x0000000094b00000|
|  68|0x0000000094c00000, 0x0000000094c00000, 0x0000000094d00000|  0%| F|  |TS  0|AC  0|TAMS 0x0000000094c00000, 0x0000000094c00000|
|  69|0x0000000094d00000, 0x0000000094d00000, 0x0000000094e00000|  0%| F|  |TS  0|AC  0|TAMS 0x0000000094d00000, 0x0000000094d00000|
|  70|0x0000000094e00000, 0x0000000094e00000, 0x0000000094f00000|  0%| F|  |TS  0|AC  0|TAMS 0x0000000094e00000, 0x0000000094e00000|
|  71|0x0000000094f00000, 0x0000000094f00000, 0x0000000095000000|  0%| F|  |TS  0|AC  0|TAMS 0x0000000094f00000, 0x0000000094f00000|
|  72|0x0000000095000000, 0x0000000095000000, 0x0000000095100000|  0%| F|  |TS  0|AC  0|TAMS 0x0000000095000000, 0x0000000095000000|
|  73|0x0000000095100000, 0x0000000095100000, 0x0000000095200000|  0%| F|  |TS  0|AC  0|TAMS 0x0000000095100000, 0x0000000095100000|
|  74|0x0000000095200000, 0x0000000095200000, 0x0000000095300000|  0%| F|  |TS  0|AC  0|TAMS 0x0000000095200000, 0x0000000095200000|
|  75|0x0000000095300000, 0x0000000095300000, 0x0000000095400000|  0%| F|  |TS  0|AC  0|TAMS 0x0000000095300000, 0x0000000095300000|
|  76|0x0000000095400000, 0x0000000095400000, 0x0000000095500000|  0%| F|  |TS  0|AC  0|TAMS 0x0000000095400000, 0x0000000095400000|
|  77|0x0000000095500000, 0x0000000095500000, 0x0000000095600000|  0%| F|  |TS  0|AC  0|TAMS 0x0000000095500000, 0x0000000095500000|
|  78|0x0000000095600000, 0x0000000095600000, 0x0000000095700000|  0%| F|  |TS  0|AC  0|TAMS 0x0000000095600000, 0x0000000095600000|
|  79|0x0000000095700000, 0x0000000095700000, 0x0000000095800000|  0%| F|  |TS  0|AC  0|TAMS 0x0000000095700000, 0x0000000095700000|
|  80|0x0000000095800000, 0x0000000095800000, 0x0000000095900000|  0%| F|  |TS  0|AC  0|TAMS 0x0000000095800000, 0x0000000095800000|
|  81|0x0000000095900000, 0x0000000095900000, 0x0000000095a00000|  0%| F|  |TS  0|AC  0|TAMS 0x0000000095900000, 0x0000000095900000|
|  82|0x0000000095a00000, 0x0000000095a00000, 0x0000000095b00000|  0%| F|  |TS  0|AC  0|TAMS 0x0000000095a00000, 0x0000000095a00000|
|  83|0x0000000095b00000, 0x0000000095b00000, 0x0000000095c00000|  0%| F|  |TS  0|AC  0|TAMS 0x0000000095b00000, 0x0000000095b00000|
|  84|0x0000000095c00000, 0x0000000095c00000, 0x0000000095d00000|  0%| F|  |TS  0|AC  0|TAMS 0x0000000095c00000, 0x0000000095c00000|
|  85|0x0000000095d00000, 0x0000000095d00000, 0x0000000095e00000|  0%| F|  |TS  0|AC  0|TAMS 0x0000000095d00000, 0x0000000095d00000|
|  86|0x0000000095e00000, 0x0000000095e00000, 0x0000000095f00000|  0%| F|  |TS  0|AC  0|TAMS 0x0000000095e00000, 0x0000000095e00000|
|  87|0x0000000095f00000, 0x0000000095f00000, 0x0000000096000000|  0%| F|  |TS  0|AC  0|TAMS 0x0000000095f00000, 0x0000000095f00000|
|  88|0x0000000096000000, 0x0000000096000000, 0x0000000096100000|  0%| F|  |TS  0|AC  0|TAMS 0x0000000096000000, 0x0000000096000000|
|  89|0x0000000096100000, 0x0000000096100000, 0x0000000096200000|  0%| F|  |TS  0|AC  0|TAMS 0x0000000096100000, 0x0000000096100000|
|  90|0x0000000096200000, 0x0000000096200000, 0x0000000096300000|  0%| F|  |TS  0|AC  0|TAMS 0x0000000096200000, 0x0000000096200000|
|  91|0x0000000096300000, 0x0000000096300000, 0x0000000096400000|  0%| F|  |TS  0|AC  0|TAMS 0x0000000096300000, 0x0000000096300000|
|  92|0x0000000096400000, 0x0000000096400000, 0x0000000096500000|  0%| F|  |TS  0|AC  0|TAMS 0x0000000096400000, 0x0000000096400000|
|  93|0x0000000096500000, 0x0000000096500000, 0x0000000096600000|  0%| F|  |TS  0|AC  0|TAMS 0x0000000096500000, 0x0000000096500000|
|  94|0x0000000096600000, 0x0000000096600000, 0x0000000096700000|  0%| F|  |TS  0|AC  0|TAMS 0x0000000096600000, 0x0000000096600000|
|  95|0x0000000096700000, 0x0000000096700000, 0x0000000096800000|  0%| F|  |TS  0|AC  0|TAMS 0x0000000096700000, 0x0000000096700000|
|  96|0x0000000096800000, 0x0000000096800000, 0x0000000096900000|  0%| F|  |TS  0|AC  0|TAMS 0x0000000096800000, 0x0000000096800000|
|  97|0x0000000096900000, 0x0000000096900000, 0x0000000096a00000|  0%| F|  |TS  0|AC  0|TAMS 0x0000000096900000, 0x0000000096900000|
|  98|0x0000000096a00000, 0x0000000096a00000, 0x0000000096b00000|  0%| F|  |TS  0|AC  0|TAMS 0x0000000096a00000, 0x0000000096a00000|
|  99|0x0000000096b00000, 0x0000000096b00000, 0x0000000096c00000|  0%| F|  |TS  0|AC  0|TAMS 0x0000000096b00000, 0x0000000096b00000|
| 100|0x0000000096c00000, 0x0000000096c00000, 0x0000000096d00000|  0%| F|  |TS  0|AC  0|TAMS 0x0000000096c00000, 0x0000000096c00000|
| 101|0x0000000096d00000, 0x0000000096d00000, 0x0000000096e00000|  0%| F|  |TS  0|AC  0|TAMS 0x0000000096d00000, 0x0000000096d00000|
| 102|0x0000000096e00000, 0x0000000096e00000, 0x0000000096f00000|  0%| F|  |TS  0|AC  0|TAMS 0x0000000096e00000, 0x0000000096e00000|
| 103|0x0000000096f00000, 0x0000000096f00000, 0x0000000097000000|  0%| F|  |TS  0|AC  0|TAMS 0x0000000096f00000, 0x0000000096f00000|
| 104|0x0000000097000000, 0x0000000097000000, 0x0000000097100000|  0%| F|  |TS  0|AC  0|TAMS 0x0000000097000000, 0x0000000097000000|
| 105|0x0000000097100000, 0x0000000097100000, 0x0000000097200000|  0%| F|  |TS  0|AC  0|TAMS 0x0000000097100000, 0x0000000097100000|
| 106|0x0000000097200000, 0x0000000097200000, 0x0000000097300000|  0%| F|  |TS  0|AC  0|TAMS 0x0000000097200000, 0x0000000097200000|
| 107|0x0000000097300000, 0x0000000097300000, 0x0000000097400000|  0%| F|  |TS  0|AC  0|TAMS 0x0000000097300000, 0x0000000097300000|
| 108|0x0000000097400000, 0x0000000097400000, 0x0000000097500000|  0%| F|  |TS  0|AC  0|TAMS 0x0000000097400000, 0x0000000097400000|
| 109|0x0000000097500000, 0x0000000097500000, 0x0000000097600000|  0%| F|  |TS  0|AC  0|TAMS 0x0000000097500000, 0x0000000097500000|
| 110|0x0000000097600000, 0x0000000097692030, 0x0000000097700000| 57%| E|  |TS  0|AC  0|TAMS 0x0000000097600000, 0x0000000097600000|
| 111|0x0000000097700000, 0x0000000097800000, 0x0000000097800000|100%| E|CS|TS  0|AC  0|TAMS 0x0000000097700000, 0x0000000097700000|

Card table byte_map: [0x00000168b6760000,0x00000168b6ae0000] byte_map_base: 0x00000168b62dc000

Marking Bits (Prev, Next): (CMBitMap*) 0x000001689f65af90, (CMBitMap*) 0x000001689f65afc8
 Prev Bits: [0x00000168b6e60000, 0x00000168b8a40000)
 Next Bits: [0x00000168b8a40000, 0x00000168ba620000)

Polling page: 0x000001689dc40000

CodeHeap 'non-profiled nmethods': size=120064Kb used=27Kb max_used=27Kb free=120036Kb
 bounds [0x00000168ae870000, 0x00000168aeae0000, 0x00000168b5db0000]
CodeHeap 'profiled nmethods': size=120000Kb used=165Kb max_used=165Kb free=119834Kb
 bounds [0x00000168a7340000, 0x00000168a75b0000, 0x00000168ae870000]
CodeHeap 'non-nmethods': size=5696Kb used=1034Kb max_used=1034Kb free=4661Kb
 bounds [0x00000168a6db0000, 0x00000168a7020000, 0x00000168a7340000]
 total_blobs=488 nmethods=118 adapters=227
 compilation: enabled

Compilation events (10 events):
Event: 0.684 Thread 0x00000168bccdd800  115       3       java.lang.String::<init> (15 bytes)
Event: 0.685 Thread 0x00000168bccdd800 nmethod 115 0x00000168a7366e90 code [0x00000168a7367040, 0x00000168a7367258]
Event: 0.692 Thread 0x00000168bccdd800  116       3       java.util.Arrays::copyOfRange (64 bytes)
Event: 0.694 Thread 0x00000168bccdd800 nmethod 116 0x00000168a7367310 code [0x00000168a73675c0, 0x00000168a7368160]
Event: 0.694 Thread 0x00000168bccdd800  117       3       java.lang.AbstractStringBuilder::putStringAt (29 bytes)
Event: 0.695 Thread 0x00000168bccdd800 nmethod 117 0x00000168a7368590 code [0x00000168a7368780, 0x00000168a7368ac0]
Event: 0.695 Thread 0x00000168bccdd800  118       3       java.lang.AbstractStringBuilder::getCoder (15 bytes)
Event: 0.695 Thread 0x00000168bccdd800 nmethod 118 0x00000168a7368c10 code [0x00000168a7368dc0, 0x00000168a7368f38]
Event: 0.696 Thread 0x00000168bccdd800  119       3       java.lang.StringLatin1::newString (17 bytes)
Event: 0.697 Thread 0x00000168bccdd800 nmethod 119 0x00000168a7369010 code [0x00000168a73691e0, 0x00000168a73694d0]

GC Heap History (0 events):
No events

Deoptimization events (1 events):
Event: 0.478 Thread 0x000001689f5dd000 Uncommon trap: reason=unstable_if action=reinterpret pc=0x00000168ae87387c method=java.lang.String.hashCode()I @ 14 c2

Classes redefined (0 events):
No events

Internal exceptions (0 events):
No events

Events (10 events):
Event: 0.681 loading class java/lang/Package$VersionInfo
Event: 0.681 loading class java/lang/Package$VersionInfo done
Event: 0.682 loading class sun/security/util/ManifestEntryVerifier
Event: 0.682 loading class sun/security/util/ManifestEntryVerifier done
Event: 0.692 loading class com/cyberbotics/webots/controller/wrapperJNI
Event: 0.692 loading class com/cyberbotics/webots/controller/wrapperJNI done
Event: 0.696 loading class java/lang/UnsatisfiedLinkError
Event: 0.697 loading class java/lang/UnsatisfiedLinkError done
Event: 0.699 loading class java/lang/ClassLoaderHelper
Event: 0.699 loading class java/lang/ClassLoaderHelper done


Dynamic libraries:
0x00007ff606f70000 - 0x00007ff606fae000 	C:\Program Files (x86)\Common Files\Oracle\Java\javapath\javaw.exe
0x00007ffe95d90000 - 0x00007ffe95f86000 	C:\WINDOWS\SYSTEM32\ntdll.dll
0x00007ffe95b70000 - 0x00007ffe95c2d000 	C:\WINDOWS\System32\KERNEL32.DLL
0x00007ffe93690000 - 0x00007ffe93958000 	C:\WINDOWS\System32\KERNELBASE.dll
0x00007ffe94760000 - 0x00007ffe9480a000 	C:\WINDOWS\System32\ADVAPI32.dll
0x00007ffe94270000 - 0x00007ffe9430e000 	C:\WINDOWS\System32\msvcrt.dll
0x00007ffe950e0000 - 0x00007ffe9517b000 	C:\WINDOWS\System32\sechost.dll
0x00007ffe95960000 - 0x00007ffe95a84000 	C:\WINDOWS\System32\RPCRT4.dll
0x00007ffe95190000 - 0x00007ffe95330000 	C:\WINDOWS\System32\USER32.dll
0x00007ffe93560000 - 0x00007ffe93582000 	C:\WINDOWS\System32\win32u.dll
0x00007ffe95b10000 - 0x00007ffe95b3a000 	C:\WINDOWS\System32\GDI32.dll
0x00007ffe93a60000 - 0x00007ffe93b69000 	C:\WINDOWS\System32\gdi32full.dll
0x00007ffe93960000 - 0x00007ffe939fd000 	C:\WINDOWS\System32\msvcp_win.dll
0x00007ffe93590000 - 0x00007ffe93690000 	C:\WINDOWS\System32\ucrtbase.dll
0x00007ffe889f0000 - 0x00007ffe88c8b000 	C:\WINDOWS\WinSxS\amd64_microsoft.windows.common-controls_6595b64144ccf1df_6.0.19041.488_none_ca04af081b815d21\COMCTL32.dll
0x00007ffe8ad50000 - 0x00007ffe8ad5a000 	C:\WINDOWS\SYSTEM32\VERSION.dll
0x00007ffe95b40000 - 0x00007ffe95b70000 	C:\WINDOWS\System32\IMM32.DLL
0x00007ffe56820000 - 0x00007ffe5690f000 	C:\Program Files\Java\jre-10.0.2\bin\msvcr120.dll
0x00007ffe77ac0000 - 0x00007ffe77b66000 	C:\Program Files\Java\jre-10.0.2\bin\msvcp120.dll
0x000000006b9b0000 - 0x000000006c420000 	C:\Program Files\Java\jre-10.0.2\bin\server\jvm.dll
0x00007ffe95180000 - 0x00007ffe95188000 	C:\WINDOWS\System32\PSAPI.DLL
0x00007ffe7fb00000 - 0x00007ffe7fb09000 	C:\WINDOWS\SYSTEM32\WSOCK32.dll
0x00007ffe953e0000 - 0x00007ffe9544b000 	C:\WINDOWS\System32\WS2_32.dll
0x00007ffe8ac80000 - 0x00007ffe8aca7000 	C:\WINDOWS\SYSTEM32\WINMM.dll
0x00007ffe8ed20000 - 0x00007ffe8ed2f000 	C:\Program Files\Java\jre-10.0.2\bin\verify.dll
0x00007ffe91b60000 - 0x00007ffe91d44000 	C:\WINDOWS\SYSTEM32\DBGHELP.DLL
0x00007ffe85df0000 - 0x00007ffe85e1c000 	C:\WINDOWS\SYSTEM32\dbgcore.DLL
0x00007ffe934e0000 - 0x00007ffe9355f000 	C:\WINDOWS\System32\bcryptPrimitives.dll
0x00007ffe7d230000 - 0x00007ffe7d257000 	C:\Program Files\Java\jre-10.0.2\bin\java.dll
0x00007ffe7d210000 - 0x00007ffe7d226000 	C:\Program Files\Java\jre-10.0.2\bin\zip.dll
0x00007ffe8ec90000 - 0x00007ffe8ec9a000 	C:\Program Files\Java\jre-10.0.2\bin\jimage.dll
0x00007ffe94810000 - 0x00007ffe94f50000 	C:\WINDOWS\System32\SHELL32.dll
0x00007ffe912c0000 - 0x00007ffe91a54000 	C:\WINDOWS\SYSTEM32\windows.storage.dll
0x00007ffe95450000 - 0x00007ffe957a5000 	C:\WINDOWS\System32\combase.dll
0x00007ffe92f50000 - 0x00007ffe92f7c000 	C:\WINDOWS\SYSTEM32\Wldp.dll
0x00007ffe944f0000 - 0x00007ffe9459e000 	C:\WINDOWS\System32\SHCORE.dll
0x00007ffe945a0000 - 0x00007ffe945f5000 	C:\WINDOWS\System32\shlwapi.dll
0x00007ffe93410000 - 0x00007ffe93436000 	C:\WINDOWS\SYSTEM32\profapi.dll
0x00007ffe7d160000 - 0x00007ffe7d17a000 	C:\Program Files\Java\jre-10.0.2\bin\net.dll
0x00007ffe882f0000 - 0x00007ffe883f0000 	C:\WINDOWS\SYSTEM32\WINHTTP.dll
0x00007ffe92c80000 - 0x00007ffe92cea000 	C:\WINDOWS\system32\mswsock.dll
0x00007ffe7cff0000 - 0x00007ffe7d001000 	C:\Program Files\Java\jre-10.0.2\bin\nio.dll
0x000000006e780000 - 0x000000006e7c0000 	C:\Users\Utilisateur\AppData\Local\Programs\Webots\lib\controller\java\JavaController.dll
0x0000000061440000 - 0x000000006145c000 	C:\Users\Utilisateur\AppData\Local\Programs\Webots\msys64\mingw64\bin\cpp\libgcc_s_seh-1.dll
0x000000006fc40000 - 0x000000006fdf1000 	C:\Users\Utilisateur\AppData\Local\Programs\Webots\msys64\mingw64\bin\cpp\libstdc++-6.dll
0x0000000064940000 - 0x0000000064956000 	C:\Users\Utilisateur\AppData\Local\Programs\Webots\msys64\mingw64\bin\cpp\libwinpthread-1.dll
0x0000000064f40000 - 0x0000000064fac000 	C:\Users\Utilisateur\AppData\Local\Programs\Webots\lib\controller\CppController.dll
0x000000006aa40000 - 0x000000006aac8000 	C:\Users\Utilisateur\AppData\Local\Programs\Webots\lib\controller\Controller.dll

dbghelp: loaded successfully - version: 4.0.5 - missing functions: none
symbol engine: initialized successfully - sym options: 0x614 - pdb path: .;C:\Program Files (x86)\Common Files\Oracle\Java\javapath;C:\WINDOWS\SYSTEM32;C:\WINDOWS\WinSxS\amd64_microsoft.windows.common-controls_6595b64144ccf1df_6.0.19041.488_none_ca04af081b815d21;C:\Program Files\Java\jre-10.0.2\bin;C:\Program Files\Java\jre-10.0.2\bin\server;C:\Users\Utilisateur\AppData\Local\Programs\Webots\lib\controller\java;C:\Users\Utilisateur\AppData\Local\Programs\Webots\msys64\mingw64\bin\cpp;C:\Users\Utilisateur\AppData\Local\Programs\Webots\lib\controller

VM Arguments:
jvm_args: -Djava.library.path=C:/Users/Utilisateur/AppData/Local/Programs/Webots/lib/controller/java 
java_command: EPuckAvoidCollision
java_class_path (initial): C:/Users/Utilisateur/AppData/Local/Programs/Webots/lib/controller/java/Controller.jar;C:/Users/UTILIS~1/MY_FIR~1/CONTRO~1/EPUCKA~1/
Launcher Type: SUN_STANDARD

Logging:
Log output configuration:
#0: stdout all=warning uptime,level,tags
#1: stderr all=off uptime,level,tags

Environment Variables:
JAVA_HOME=C:\Program Files\Java\jdk-10.0.2
PATH=C:\Users\Utilisateur\AppData\Local\Programs\Webots\msys64\mingw64\bin\cpp;C:\Program Files (x86)\Python38-32\Scripts\;C:\Program Files (x86)\Python38-32\;C:\Program Files (x86)\Common Files\Oracle\Java\javapath;C:\WINDOWS\system32;C:\WINDOWS;C:\WINDOWS\System32\Wbem;C:\WINDOWS\System32\WindowsPowerShell\v1.0\;C:\WINDOWS\System32\OpenSSH\;C:\Program Files\Java\jdk-10.0.2\bin;C:\Program Files\Java\jre-10.0.2\bin;C:\Program Files\Java\jdk-10.0.2;C:\Program Files\Git\cmd;C:\Program Files\Webots\msys64\mingw64\bin\cpp;C:\Python\Python38\Scripts\;C:\Python\Python38\;C:\Users\Utilisateur\AppData\Local\Microsoft\WindowsApps;C:\Users\Utilisateur\AppData\Local\Programs\Microsoft VS Code\bin;C:\Users\Utilisateur\AppData\Local\Programs\MiKTeX 2.9\miktex\bin\x64\;C:\Users\Utilisateur\AppData\Local\Programs\Python\Python37\Scripts;C:\Users\Utilisateur\AppData\Local\Programs\Python\Python37;C:\Users\Utilisateur\.jupyter;C:\Program Files\Docker Toolbox;C:\Users\Utilisateur\AppData\Roaming\Python\Python37\Scripts;C:\Program Files\Java\jdk-11.0.2\bin;C:\Users\Utilisateur\AppData\Local\Programs\Webots\lib\controller
USERNAME=Utilisateur
OS=Windows_NT
PROCESSOR_IDENTIFIER=AMD64 Family 21 Model 101 Stepping 1, AuthenticAMD



---------------  S Y S T E M  ---------------

OS: Windows 10 , 64 bit Build 19041 (10.0.19041.546)

CPU:total 4 (initial active 4) (4 cores per cpu, 1 threads per core) family 21 model 101 stepping 1, cmov, cx8, fxsr, mmx, sse, sse2, sse3, ssse3, sse4.1, sse4.2, popcnt, avx, avx2, aes, clmul, mmxext, 3dnowpref, lzcnt, sse4a, tsc, tscinvbit, tscinv, bmi1, bmi2, fma

Memory: 4k page, physical 7304888k(2325592k free), swap 10581688k(1416912k free)

vm_info: Java HotSpot(TM) 64-Bit Server VM (10.0.2+13) for windows-amd64 JRE (10.0.2+13), built on Jun 28 2018 01:57:56 by "mach5one" with MS VC++ 12.0 (VS2013)

END.
